<?xml version="1.0" encoding="UTF-8"?>
<!-- Generated by org.testng.reporters.JUnitReportReporter -->
<testsuite skipped="0" hostname="DESKTOP-OI33K19" name="com.framework.selenium.testcases.SeleniumDemo" tests="2" failures="0" timestamp="2020-06-03T19:36:37 IST" time="13.814" errors="0">
  <testcase name="first" time="8.413" classname="com.framework.selenium.testcases.SeleniumDemo"/>
  <system-out/>
  <testcase name="second" time="5.401" classname="com.framework.selenium.testcases.SeleniumDemo"/>
  <system-out/>
</testsuite> <!-- com.framework.selenium.testcases.SeleniumDemo -->
