<?xml version="1.0" encoding="UTF-8"?>
<!-- Generated by org.testng.reporters.JUnitReportReporter -->
<testsuite skipped="0" hostname="DESKTOP-OI33K19" name="com.framework.selenium.testcases.SecondDemo" tests="2" failures="0" timestamp="2020-06-03T19:36:37 IST" time="14.402" errors="0">
  <testcase name="second" time="6.240" classname="com.framework.selenium.testcases.SecondDemo"/>
  <system-out/>
  <testcase name="first" time="8.162" classname="com.framework.selenium.testcases.SecondDemo"/>
  <system-out/>
</testsuite> <!-- com.framework.selenium.testcases.SecondDemo -->
