<?xml version="1.0" encoding="UTF-8"?>
<!-- Generated by org.testng.reporters.JUnitReportReporter -->
<testsuite skipped="0" hostname="DESKTOP-OI33K19" name="com.framework.selenium.testcases.SecondDemo" tests="2" failures="0" timestamp="2020-06-03T20:01:00 IST" time="24.063" errors="0">
  <testcase name="first" time="19.113" classname="com.framework.selenium.testcases.SecondDemo"/>
  <system-out/>
  <testcase name="second" time="4.950" classname="com.framework.selenium.testcases.SecondDemo"/>
  <system-out/>
</testsuite> <!-- com.framework.selenium.testcases.SecondDemo -->
