<?xml version="1.0" encoding="UTF-8"?>
<!-- Generated by org.testng.reporters.JUnitReportReporter -->
<testsuite skipped="0" hostname="DESKTOP-OI33K19" name="com.framework.selenium.testcases.SeleniumDemo" tests="2" failures="0" timestamp="2020-06-03T20:01:00 IST" time="17.115" errors="0">
  <testcase name="second" time="5.608" classname="com.framework.selenium.testcases.SeleniumDemo"/>
  <system-out/>
  <testcase name="first" time="11.507" classname="com.framework.selenium.testcases.SeleniumDemo"/>
  <system-out/>
</testsuite> <!-- com.framework.selenium.testcases.SeleniumDemo -->
